<?xml version="1.0" encoding="UTF-8"?>
<testsuite name="TasksTests" tests="2" skipped="0" failures="0" errors="0" timestamp="2018-01-07T05:53:46" hostname="LAPTOP-9DF4OTOD" time="0.125">
  <properties/>
  <testcase name="new task list has no tasks " classname="TasksTests" time="0.12"/>
  <testcase name="Task Manager with one task added shows one task" classname="TasksTests" time="0.004"/>
  <system-out><![CDATA[]]></system-out>
  <system-err><![CDATA[]]></system-err>
</testsuite>
